12:33:21 **** Build of configuration Debug for project Practice ****
make -j4 all 
Building file: ../Project_Settings/Startup_Code/startup_SKEAZ1284.S
Building file: ../Project_Settings/Startup_Code/system_SKEAZ1284.c
Building file: ../src/main.c
Executing target #1 ../Project_Settings/Startup_Code/startup_SKEAZ1284.S
Executing target #3 ../src/main.c
Executing target #2 ../Project_Settings/Startup_Code/system_SKEAZ1284.c
Invoking: Standard S32DS Assembler
Invoking: Standard S32DS C Compiler
arm-none-eabi-gcc "@Project_Settings/Startup_Code/startup_SKEAZ1284.args" -c -o "Project_Settings/Startup_Code/startup_SKEAZ1284.o" "../Project_Settings/Startup_Code/startup_SKEAZ1284.S"
Invoking: Standard S32DS C Compiler
arm-none-eabi-gcc "@src/main.args" -MMD -MP -MF"src/main.d" -MT"src/main.o" -c -o "src/main.o" "../src/main.c"
arm-none-eabi-gcc "@Project_Settings/Startup_Code/system_SKEAZ1284.args" -MMD -MP -MF"Project_Settings/Startup_Code/system_SKEAZ1284.d" -MT"Project_Settings/Startup_Code/system_SKEAZ1284.o" -c -o "Project_Settings/Startup_Code/system_SKEAZ1284.o" "../Project_Settings/Startup_Code/system_SKEAZ1284.c"
Finished building: ../Project_Settings/Startup_Code/startup_SKEAZ1284.S
 
../src/main.c:1:17: fatal error: Cpu.h: No such file or directory
 #include "Cpu.h"
                 ^
compilation terminated.
make: *** [src/subdir.mk:35: src/main.o] Error 1
make: *** Waiting for unfinished jobs....
Finished building: ../Project_Settings/Startup_Code/system_SKEAZ1284.c
 

12:33:27 Build Finished (took 5s.721ms)

